D:\WORKSPACE\PROJECT\JAVA\PROJECT.BAK\DEBUG\QSORTASM.ILK
D:\WORKSPACE\PROJECT\JAVA\PROJECT.BAK\DEBUG\QSORTASM.EXE
D:\WORKSPACE\PROJECT\JAVA\PROJECT.BAK\DEBUG\QSORTASM.PDB
煞潳瑲愮浳਍㩄坜牯獫慰散停潲敪瑣䩜癡屡牐橯捥⹴慢屫敄畢屧獱牯⹴扯൪帊獱牯⹴獡൭䐊尺潗歲灳捡履牐橯捥屴慊慶停潲敪瑣戮歡䑜扥杵煜潳瑲漮橢਍煞潳瑲愮浳਍㩄坜牯獫慰散停潲敪瑣䩜癡屡牐橯捥⹴慢屫敄畢屧獱牯⹴扯൪帊獱牯⹴獡൭䐊尺潗歲灳捡履牐橯捥屴慊慶停潲敪瑣戮歡䑜扥杵煜潳瑲漮橢਍煞潳瑲愮浳਍㩄坜牯獫慰散停潲敪瑣䩜癡屡牐橯捥⹴慢屫敄畢屧獱牯⹴扯൪帊獱牯⹴獡൭䐊尺潗歲灳捡履牐橯捥屴慊慶停潲敪瑣戮歡䑜扥杵煜潳瑲漮橢਍煞潳瑲愮浳਍㩄坜牯獫慰散停潲敪瑣䩜癡屡牐橯捥⹴慢屫敄畢屧獱牯⹴扯൪帊獱牯⹴獡൭䐊尺潗歲灳捡履牐橯捥屴慊慶停潲敪瑣戮歡䑜扥杵煜潳瑲漮橢਍煞潳瑲愮浳਍㩄坜牯獫慰散停潲敪瑣䩜癡屡牐橯捥⹴慢屫敄畢屧獱牯⹴扯൪帊獱牯⹴獡൭䐊尺潗歲灳捡履牐橯捥屴慊慶停潲敪瑣戮歡䑜扥杵煜潳瑲漮橢਍煞潳瑲愮浳਍㩄坜牯獫慰散停潲敪瑣䩜癡屡牐橯捥⹴慢屫敄畢屧獱牯⹴扯൪帊獱牯⹴獡൭䐊尺潗歲灳捡履牐橯捥屴慊慶停潲敪瑣戮歡䑜扥杵煜潳瑲漮橢਍煞潳瑲愮浳਍㩄坜牯獫慰散停潲敪瑣䩜癡屡牐橯捥⹴慢屫敄畢屧獱牯⹴扯൪帊獱牯⹴獡൭䐊尺潗歲灳捡履牐橯捥屴慊慶停潲敪瑣戮歡䑜扥杵煜潳瑲漮橢਍煞潳瑲愮浳਍㩄坜牯獫慰散停潲敪瑣䩜癡屡牐橯捥⹴慢屫敄畢屧獱牯⹴扯൪帊獱牯⹴獡൭䐊尺潗歲灳捡履牐橯捥屴慊慶停潲敪瑣戮歡䑜扥杵煜潳瑲漮橢਍煞潳瑲愮浳਍㩄坜牯獫慰散停潲敪瑣䩜癡屡牐橯捥⹴慢屫敄畢屧獱牯⹴扯൪帊獱牯⹴獡൭䐊尺潗歲灳捡履牐橯捥屴慊慶停潲敪瑣戮歡䑜扥杵煜潳瑲漮橢਍煞潳瑲愮浳਍㩄坜牯獫慰散停潲敪瑣䩜癡屡牐橯捥⹴慢屫敄畢屧獱牯⹴扯൪帊獱牯⹴獡൭䐊尺潗歲灳捡履牐橯捥屴慊慶停潲敪瑣戮歡䑜扥杵煜潳瑲漮橢਍煞潳瑲愮浳਍㩄坜牯獫慰散停潲敪瑣䩜癡屡牐橯捥⹴慢屫敄畢屧獱牯⹴扯൪帊獱牯⹴獡൭䐊尺潗歲灳捡履牐橯捥屴慊慶停潲敪瑣戮歡䑜扥杵煜潳瑲漮橢਍煞潳瑲愮浳਍㩄坜牯獫慰散停潲敪瑣䩜癡屡牐橯捥⹴慢屫敄畢屧獱牯⹴扯൪
D:\Workspace\Project\JACC\jacc\QsortASM\Debug\qsort.obj
D:\Workspace\Project\JACC\jacc\QsortASM\Debug\QSORTASM.ilk
D:\Workspace\Project\JACC\jacc\QsortASM\Debug\link-cvtres.read.1.tlog
D:\Workspace\Project\JACC\jacc\QsortASM\Debug\link-cvtres.write.1.tlog
D:\Workspace\Project\JACC\jacc\QsortASM\Debug\link-rc.read.1.tlog
D:\Workspace\Project\JACC\jacc\QsortASM\Debug\link-rc.write.1.tlog
D:\Workspace\Project\JACC\jacc\QsortASM\Debug\link.6340-cvtres.read.1.tlog
D:\Workspace\Project\JACC\jacc\QsortASM\Debug\link.6340-cvtres.write.1.tlog
D:\Workspace\Project\JACC\jacc\QsortASM\Debug\link.6340-rc.read.1.tlog
D:\Workspace\Project\JACC\jacc\QsortASM\Debug\link.6340-rc.write.1.tlog
D:\Workspace\Project\JACC\jacc\QsortASM\Debug\link.6340.read.1.tlog
D:\Workspace\Project\JACC\jacc\QsortASM\Debug\link.6340.write.1.tlog
D:\Workspace\Project\JACC\jacc\QsortASM\Debug\link.command.1.tlog
D:\Workspace\Project\JACC\jacc\QsortASM\Debug\link.read.1.tlog
D:\Workspace\Project\JACC\jacc\QsortASM\Debug\link.write.1.tlog
D:\Workspace\Project\JACC\jacc\QsortASM\Debug\QSORTASM.write.1.tlog
D:\Workspace\Project\JACC\jacc\QsortASM\Debug\QSORTASM.pdb
D:\Workspace\Project\JACC\jacc\QsortASM\Debug\QSORTASM.exe
